[21-Dec-2020 13:21:21] NOTICE: fpm is running, pid 17
[21-Dec-2020 13:21:21] NOTICE: ready to handle connections
[21-Dec-2020 13:21:21] NOTICE: systemd monitor interval set to 10000ms
[21-Dec-2020 13:21:21] NOTICE: Finishing ...
[21-Dec-2020 13:21:21] NOTICE: exiting, bye-bye!
[21-Dec-2020 13:21:21] NOTICE: fpm is running, pid 54
[21-Dec-2020 13:21:21] NOTICE: ready to handle connections
[21-Dec-2020 13:21:21] NOTICE: systemd monitor interval set to 10000ms
[21-Dec-2020 13:34:10] NOTICE: fpm is running, pid 17
[21-Dec-2020 13:34:10] NOTICE: ready to handle connections
[21-Dec-2020 13:34:10] NOTICE: systemd monitor interval set to 10000ms
[21-Dec-2020 13:34:10] NOTICE: Finishing ...
[21-Dec-2020 13:34:10] NOTICE: exiting, bye-bye!
[21-Dec-2020 13:34:11] NOTICE: fpm is running, pid 54
[21-Dec-2020 13:34:11] NOTICE: ready to handle connections
[21-Dec-2020 13:34:11] NOTICE: systemd monitor interval set to 10000ms
[21-Dec-2020 13:34:41] NOTICE: fpm is running, pid 17
[21-Dec-2020 13:34:41] NOTICE: ready to handle connections
[21-Dec-2020 13:34:41] NOTICE: systemd monitor interval set to 10000ms
[21-Dec-2020 13:34:42] NOTICE: Finishing ...
[21-Dec-2020 13:34:42] NOTICE: exiting, bye-bye!
[21-Dec-2020 13:34:42] NOTICE: fpm is running, pid 50
[21-Dec-2020 13:34:42] NOTICE: ready to handle connections
[21-Dec-2020 13:34:42] NOTICE: systemd monitor interval set to 10000ms
[21-Dec-2020 14:47:10] NOTICE: fpm is running, pid 22
[21-Dec-2020 14:47:10] NOTICE: ready to handle connections
[21-Dec-2020 14:47:10] NOTICE: systemd monitor interval set to 10000ms
[21-Dec-2020 14:47:10] NOTICE: Finishing ...
[21-Dec-2020 14:47:10] NOTICE: exiting, bye-bye!
[21-Dec-2020 14:47:10] NOTICE: fpm is running, pid 59
[21-Dec-2020 14:47:10] NOTICE: ready to handle connections
[21-Dec-2020 14:47:10] NOTICE: systemd monitor interval set to 10000ms
[21-Dec-2020 17:19:39] NOTICE: fpm is running, pid 23
[21-Dec-2020 17:19:39] NOTICE: ready to handle connections
[21-Dec-2020 17:19:39] NOTICE: systemd monitor interval set to 10000ms
[21-Dec-2020 17:19:39] NOTICE: Finishing ...
[21-Dec-2020 17:19:39] NOTICE: exiting, bye-bye!
[21-Dec-2020 17:19:39] NOTICE: fpm is running, pid 60
[21-Dec-2020 17:19:39] NOTICE: ready to handle connections
[21-Dec-2020 17:19:39] NOTICE: systemd monitor interval set to 10000ms
[21-Dec-2020 17:20:21] NOTICE: fpm is running, pid 22
[21-Dec-2020 17:20:21] NOTICE: ready to handle connections
[21-Dec-2020 17:20:21] NOTICE: systemd monitor interval set to 10000ms
[21-Dec-2020 17:20:21] NOTICE: Finishing ...
[21-Dec-2020 17:20:21] NOTICE: exiting, bye-bye!
[21-Dec-2020 17:20:21] NOTICE: fpm is running, pid 55
[21-Dec-2020 17:20:21] NOTICE: ready to handle connections
[21-Dec-2020 17:20:21] NOTICE: systemd monitor interval set to 10000ms
[21-Dec-2020 19:51:03] NOTICE: fpm is running, pid 22
[21-Dec-2020 19:51:03] NOTICE: ready to handle connections
[21-Dec-2020 19:51:03] NOTICE: systemd monitor interval set to 10000ms
[21-Dec-2020 19:51:03] NOTICE: Finishing ...
[21-Dec-2020 19:51:03] NOTICE: exiting, bye-bye!
[21-Dec-2020 19:51:03] NOTICE: fpm is running, pid 75
[21-Dec-2020 19:51:03] NOTICE: ready to handle connections
[21-Dec-2020 19:51:03] NOTICE: systemd monitor interval set to 10000ms
[21-Dec-2020 20:04:26] NOTICE: fpm is running, pid 23
[21-Dec-2020 20:04:26] NOTICE: ready to handle connections
[21-Dec-2020 20:04:26] NOTICE: systemd monitor interval set to 10000ms
[21-Dec-2020 20:04:26] NOTICE: Finishing ...
[21-Dec-2020 20:04:26] NOTICE: exiting, bye-bye!
[21-Dec-2020 20:04:26] NOTICE: fpm is running, pid 64
[21-Dec-2020 20:04:26] NOTICE: ready to handle connections
[21-Dec-2020 20:04:26] NOTICE: systemd monitor interval set to 10000ms
[21-Dec-2020 20:58:32] NOTICE: fpm is running, pid 22
[21-Dec-2020 20:58:32] NOTICE: ready to handle connections
[21-Dec-2020 20:58:32] NOTICE: systemd monitor interval set to 10000ms
[21-Dec-2020 20:58:33] NOTICE: Finishing ...
[21-Dec-2020 20:58:33] NOTICE: exiting, bye-bye!
[21-Dec-2020 20:58:33] NOTICE: fpm is running, pid 75
[21-Dec-2020 20:58:33] NOTICE: ready to handle connections
[21-Dec-2020 20:58:33] NOTICE: systemd monitor interval set to 10000ms
[22-Dec-2020 12:10:59] NOTICE: fpm is running, pid 22
[22-Dec-2020 12:10:59] NOTICE: ready to handle connections
[22-Dec-2020 12:10:59] NOTICE: systemd monitor interval set to 10000ms
[22-Dec-2020 12:10:59] NOTICE: Finishing ...
[22-Dec-2020 12:10:59] NOTICE: exiting, bye-bye!
[22-Dec-2020 12:11:00] NOTICE: fpm is running, pid 75
[22-Dec-2020 12:11:00] NOTICE: ready to handle connections
[22-Dec-2020 12:11:00] NOTICE: systemd monitor interval set to 10000ms
[23-Dec-2020 13:25:02] NOTICE: fpm is running, pid 22
[23-Dec-2020 13:25:02] NOTICE: ready to handle connections
[23-Dec-2020 13:25:02] NOTICE: systemd monitor interval set to 10000ms
[23-Dec-2020 13:25:02] NOTICE: Finishing ...
[23-Dec-2020 13:25:02] NOTICE: exiting, bye-bye!
[23-Dec-2020 13:25:02] NOTICE: fpm is running, pid 63
[23-Dec-2020 13:25:02] NOTICE: ready to handle connections
[23-Dec-2020 13:25:02] NOTICE: systemd monitor interval set to 10000ms
[23-Dec-2020 13:30:24] NOTICE: fpm is running, pid 21
[23-Dec-2020 13:30:24] NOTICE: ready to handle connections
[23-Dec-2020 13:30:24] NOTICE: systemd monitor interval set to 10000ms
[23-Dec-2020 13:30:24] NOTICE: Finishing ...
[23-Dec-2020 13:30:24] NOTICE: exiting, bye-bye!
[23-Dec-2020 13:30:24] NOTICE: fpm is running, pid 74
[23-Dec-2020 13:30:24] NOTICE: ready to handle connections
[23-Dec-2020 13:30:24] NOTICE: systemd monitor interval set to 10000ms
[24-Dec-2020 13:31:47] NOTICE: fpm is running, pid 18
[24-Dec-2020 13:31:47] NOTICE: ready to handle connections
[24-Dec-2020 13:31:47] NOTICE: systemd monitor interval set to 10000ms
[24-Dec-2020 13:31:47] NOTICE: Finishing ...
[24-Dec-2020 13:31:47] NOTICE: exiting, bye-bye!
[24-Dec-2020 13:31:47] NOTICE: fpm is running, pid 71
[24-Dec-2020 13:31:47] NOTICE: ready to handle connections
[24-Dec-2020 13:31:47] NOTICE: systemd monitor interval set to 10000ms
[24-Dec-2020 14:36:55] NOTICE: fpm is running, pid 18
[24-Dec-2020 14:36:55] NOTICE: ready to handle connections
[24-Dec-2020 14:36:55] NOTICE: systemd monitor interval set to 10000ms
[24-Dec-2020 14:36:55] NOTICE: Finishing ...
[24-Dec-2020 14:36:55] NOTICE: exiting, bye-bye!
[24-Dec-2020 14:36:55] NOTICE: fpm is running, pid 59
[24-Dec-2020 14:36:55] NOTICE: ready to handle connections
[24-Dec-2020 14:36:55] NOTICE: systemd monitor interval set to 10000ms
[24-Dec-2020 15:27:17] NOTICE: fpm is running, pid 18
[24-Dec-2020 15:27:17] NOTICE: ready to handle connections
[24-Dec-2020 15:27:17] NOTICE: systemd monitor interval set to 10000ms
[24-Dec-2020 15:27:17] NOTICE: Finishing ...
[24-Dec-2020 15:27:17] NOTICE: exiting, bye-bye!
[24-Dec-2020 15:27:17] NOTICE: fpm is running, pid 59
[24-Dec-2020 15:27:17] NOTICE: ready to handle connections
[24-Dec-2020 15:27:17] NOTICE: systemd monitor interval set to 10000ms
