[21-Dec-2020 13:21:21] NOTICE: fpm is running, pid 32
[21-Dec-2020 13:21:21] NOTICE: ready to handle connections
[21-Dec-2020 13:21:21] NOTICE: systemd monitor interval set to 10000ms
[21-Dec-2020 13:21:21] NOTICE: Finishing ...
[21-Dec-2020 13:21:21] NOTICE: exiting, bye-bye!
[21-Dec-2020 13:21:21] NOTICE: fpm is running, pid 71
[21-Dec-2020 13:21:21] NOTICE: ready to handle connections
[21-Dec-2020 13:21:21] NOTICE: systemd monitor interval set to 10000ms
[21-Dec-2020 13:34:10] NOTICE: fpm is running, pid 32
[21-Dec-2020 13:34:10] NOTICE: ready to handle connections
[21-Dec-2020 13:34:10] NOTICE: systemd monitor interval set to 10000ms
[21-Dec-2020 13:34:11] NOTICE: Finishing ...
[21-Dec-2020 13:34:11] NOTICE: exiting, bye-bye!
[21-Dec-2020 13:34:11] NOTICE: fpm is running, pid 71
[21-Dec-2020 13:34:11] NOTICE: ready to handle connections
[21-Dec-2020 13:34:11] NOTICE: systemd monitor interval set to 10000ms
[21-Dec-2020 13:34:42] NOTICE: fpm is running, pid 32
[21-Dec-2020 13:34:42] NOTICE: ready to handle connections
[21-Dec-2020 13:34:42] NOTICE: systemd monitor interval set to 10000ms
[21-Dec-2020 13:34:42] NOTICE: Finishing ...
[21-Dec-2020 13:34:42] NOTICE: exiting, bye-bye!
[21-Dec-2020 13:34:42] NOTICE: fpm is running, pid 67
[21-Dec-2020 13:34:42] NOTICE: ready to handle connections
[21-Dec-2020 13:34:42] NOTICE: systemd monitor interval set to 10000ms
[21-Dec-2020 14:47:10] NOTICE: fpm is running, pid 37
[21-Dec-2020 14:47:10] NOTICE: ready to handle connections
[21-Dec-2020 14:47:10] NOTICE: systemd monitor interval set to 10000ms
[21-Dec-2020 14:47:10] NOTICE: Finishing ...
[21-Dec-2020 14:47:10] NOTICE: exiting, bye-bye!
[21-Dec-2020 14:47:10] NOTICE: fpm is running, pid 76
[21-Dec-2020 14:47:10] NOTICE: ready to handle connections
[21-Dec-2020 14:47:10] NOTICE: systemd monitor interval set to 10000ms
[21-Dec-2020 17:19:39] NOTICE: fpm is running, pid 38
[21-Dec-2020 17:19:39] NOTICE: ready to handle connections
[21-Dec-2020 17:19:39] NOTICE: systemd monitor interval set to 10000ms
[21-Dec-2020 17:19:39] NOTICE: Finishing ...
[21-Dec-2020 17:19:39] NOTICE: exiting, bye-bye!
[21-Dec-2020 17:19:39] NOTICE: fpm is running, pid 77
[21-Dec-2020 17:19:39] NOTICE: ready to handle connections
[21-Dec-2020 17:19:39] NOTICE: systemd monitor interval set to 10000ms
[21-Dec-2020 17:20:21] NOTICE: fpm is running, pid 37
[21-Dec-2020 17:20:21] NOTICE: ready to handle connections
[21-Dec-2020 17:20:21] NOTICE: systemd monitor interval set to 10000ms
[21-Dec-2020 17:20:21] NOTICE: Finishing ...
[21-Dec-2020 17:20:21] NOTICE: exiting, bye-bye!
[21-Dec-2020 17:20:21] NOTICE: fpm is running, pid 72
[21-Dec-2020 17:20:21] NOTICE: ready to handle connections
[21-Dec-2020 17:20:21] NOTICE: systemd monitor interval set to 10000ms
[21-Dec-2020 19:51:03] NOTICE: fpm is running, pid 37
[21-Dec-2020 19:51:03] NOTICE: ready to handle connections
[21-Dec-2020 19:51:03] NOTICE: systemd monitor interval set to 10000ms
[21-Dec-2020 19:51:03] NOTICE: Finishing ...
[21-Dec-2020 19:51:03] NOTICE: exiting, bye-bye!
[21-Dec-2020 19:51:03] NOTICE: fpm is running, pid 92
[21-Dec-2020 19:51:03] NOTICE: ready to handle connections
[21-Dec-2020 19:51:03] NOTICE: systemd monitor interval set to 10000ms
[21-Dec-2020 20:04:26] NOTICE: fpm is running, pid 38
[21-Dec-2020 20:04:26] NOTICE: ready to handle connections
[21-Dec-2020 20:04:26] NOTICE: systemd monitor interval set to 10000ms
[21-Dec-2020 20:04:26] NOTICE: Finishing ...
[21-Dec-2020 20:04:26] NOTICE: exiting, bye-bye!
[21-Dec-2020 20:04:26] NOTICE: fpm is running, pid 81
[21-Dec-2020 20:04:26] NOTICE: ready to handle connections
[21-Dec-2020 20:04:26] NOTICE: systemd monitor interval set to 10000ms
[21-Dec-2020 20:58:33] NOTICE: fpm is running, pid 37
[21-Dec-2020 20:58:33] NOTICE: ready to handle connections
[21-Dec-2020 20:58:33] NOTICE: systemd monitor interval set to 10000ms
[21-Dec-2020 20:58:33] NOTICE: Finishing ...
[21-Dec-2020 20:58:33] NOTICE: exiting, bye-bye!
[21-Dec-2020 20:58:33] NOTICE: fpm is running, pid 92
[21-Dec-2020 20:58:33] NOTICE: ready to handle connections
[21-Dec-2020 20:58:33] NOTICE: systemd monitor interval set to 10000ms
[22-Dec-2020 12:10:59] NOTICE: fpm is running, pid 37
[22-Dec-2020 12:10:59] NOTICE: ready to handle connections
[22-Dec-2020 12:10:59] NOTICE: systemd monitor interval set to 10000ms
[22-Dec-2020 12:11:00] NOTICE: Finishing ...
[22-Dec-2020 12:11:00] NOTICE: exiting, bye-bye!
[22-Dec-2020 12:11:00] NOTICE: fpm is running, pid 92
[22-Dec-2020 12:11:00] NOTICE: ready to handle connections
[22-Dec-2020 12:11:00] NOTICE: systemd monitor interval set to 10000ms
[23-Dec-2020 13:25:02] NOTICE: fpm is running, pid 37
[23-Dec-2020 13:25:02] NOTICE: ready to handle connections
[23-Dec-2020 13:25:02] NOTICE: systemd monitor interval set to 10000ms
[23-Dec-2020 13:25:02] NOTICE: Finishing ...
[23-Dec-2020 13:25:02] NOTICE: exiting, bye-bye!
[23-Dec-2020 13:25:02] NOTICE: fpm is running, pid 80
[23-Dec-2020 13:25:02] NOTICE: ready to handle connections
[23-Dec-2020 13:25:02] NOTICE: systemd monitor interval set to 10000ms
[23-Dec-2020 13:30:24] NOTICE: fpm is running, pid 36
[23-Dec-2020 13:30:24] NOTICE: ready to handle connections
[23-Dec-2020 13:30:24] NOTICE: systemd monitor interval set to 10000ms
[23-Dec-2020 13:30:24] NOTICE: Finishing ...
[23-Dec-2020 13:30:24] NOTICE: exiting, bye-bye!
[23-Dec-2020 13:30:24] NOTICE: fpm is running, pid 91
[23-Dec-2020 13:30:24] NOTICE: ready to handle connections
[23-Dec-2020 13:30:24] NOTICE: systemd monitor interval set to 10000ms
[24-Dec-2020 13:31:47] NOTICE: fpm is running, pid 33
[24-Dec-2020 13:31:47] NOTICE: ready to handle connections
[24-Dec-2020 13:31:47] NOTICE: systemd monitor interval set to 10000ms
[24-Dec-2020 13:31:47] NOTICE: Finishing ...
[24-Dec-2020 13:31:47] NOTICE: exiting, bye-bye!
[24-Dec-2020 13:31:47] NOTICE: fpm is running, pid 88
[24-Dec-2020 13:31:47] NOTICE: ready to handle connections
[24-Dec-2020 13:31:47] NOTICE: systemd monitor interval set to 10000ms
[24-Dec-2020 14:36:55] NOTICE: fpm is running, pid 33
[24-Dec-2020 14:36:55] NOTICE: ready to handle connections
[24-Dec-2020 14:36:55] NOTICE: systemd monitor interval set to 10000ms
[24-Dec-2020 14:36:55] NOTICE: Finishing ...
[24-Dec-2020 14:36:55] NOTICE: exiting, bye-bye!
[24-Dec-2020 14:36:55] NOTICE: fpm is running, pid 76
[24-Dec-2020 14:36:55] NOTICE: ready to handle connections
[24-Dec-2020 14:36:55] NOTICE: systemd monitor interval set to 10000ms
[24-Dec-2020 15:27:17] NOTICE: fpm is running, pid 33
[24-Dec-2020 15:27:17] NOTICE: ready to handle connections
[24-Dec-2020 15:27:17] NOTICE: systemd monitor interval set to 10000ms
[24-Dec-2020 15:27:17] NOTICE: Finishing ...
[24-Dec-2020 15:27:17] NOTICE: exiting, bye-bye!
[24-Dec-2020 15:27:17] NOTICE: fpm is running, pid 76
[24-Dec-2020 15:27:17] NOTICE: ready to handle connections
[24-Dec-2020 15:27:17] NOTICE: systemd monitor interval set to 10000ms
