AH00558: apache2: Could not reliably determine the server's fully qualified domain name, using 172.18.0.3. Set the 'ServerName' directive globally to suppress this message
[Mon Dec 21 13:34:42.280055 2020] [mpm_event:notice] [pid 72:tid 139731243850816] AH00489: Apache/2.4.41 (Ubuntu) mod_fcgid/2.3.9 configured -- resuming normal operations
[Mon Dec 21 13:34:42.280343 2020] [core:notice] [pid 72:tid 139731243850816] AH00094: Command line: '/usr/sbin/apache2 -D FOREGROUND'
[Mon Dec 21 13:36:03.769983 2020] [autoindex:error] [pid 75:tid 139731231606528] [client 172.18.0.1:40846] AH01276: Cannot serve directory /var/www/html/: No matching DirectoryIndex (index.html,index.cgi,index.pl,index.php,index.xhtml,index.htm) found, and server-generated directory index forbidden by Options directive
[Mon Dec 21 13:36:19.714925 2020] [autoindex:error] [pid 75:tid 139730989610752] [client 172.18.0.1:40852] AH01276: Cannot serve directory /var/www/html/: No matching DirectoryIndex (index.html,index.cgi,index.pl,index.php,index.xhtml,index.htm) found, and server-generated directory index forbidden by Options directive
AH00558: apache2: Could not reliably determine the server's fully qualified domain name, using 172.18.0.3. Set the 'ServerName' directive globally to suppress this message
[Mon Dec 21 14:47:10.383583 2020] [mpm_event:notice] [pid 88:tid 140601563663424] AH00489: Apache/2.4.41 (Ubuntu) mod_fcgid/2.3.9 configured -- resuming normal operations
[Mon Dec 21 14:47:10.383917 2020] [core:notice] [pid 88:tid 140601563663424] AH00094: Command line: '/usr/sbin/apache2 -D FOREGROUND'
AH00558: apache2: Could not reliably determine the server's fully qualified domain name, using 172.18.0.3. Set the 'ServerName' directive globally to suppress this message
[Mon Dec 21 17:19:40.059231 2020] [mpm_event:notice] [pid 89:tid 139796743920704] AH00489: Apache/2.4.41 (Ubuntu) mod_fcgid/2.3.9 configured -- resuming normal operations
[Mon Dec 21 17:19:40.059568 2020] [core:notice] [pid 89:tid 139796743920704] AH00094: Command line: '/usr/sbin/apache2 -D FOREGROUND'
AH00558: apache2: Could not reliably determine the server's fully qualified domain name, using 172.18.0.3. Set the 'ServerName' directive globally to suppress this message
[Mon Dec 21 17:20:21.614712 2020] [core:warn] [pid 77:tid 140463729413184] AH00098: pid file /var/run/apache2/apache2.pid overwritten -- Unclean shutdown of previous Apache run?
[Mon Dec 21 17:20:21.615536 2020] [mpm_event:notice] [pid 77:tid 140463729413184] AH00489: Apache/2.4.41 (Ubuntu) mod_fcgid/2.3.9 configured -- resuming normal operations
[Mon Dec 21 17:20:21.615988 2020] [core:notice] [pid 77:tid 140463729413184] AH00094: Command line: '/usr/sbin/apache2 -D FOREGROUND'
[Mon Dec 21 17:25:51.842188 2020] [mpm_event:notice] [pid 77:tid 140463729413184] AH00493: SIGUSR1 received.  Doing graceful restart
AH00558: apache2: Could not reliably determine the server's fully qualified domain name, using 172.18.0.3. Set the 'ServerName' directive globally to suppress this message
[Mon Dec 21 17:25:51.906367 2020] [mpm_event:notice] [pid 77:tid 140463729413184] AH00489: Apache/2.4.41 (Ubuntu) mod_fcgid/2.3.9 configured -- resuming normal operations
[Mon Dec 21 17:25:51.906594 2020] [core:notice] [pid 77:tid 140463729413184] AH00094: Command line: '/usr/sbin/apache2 -D FOREGROUND'
AH00558: apache2: Could not reliably determine the server's fully qualified domain name, using 172.18.0.3. Set the 'ServerName' directive globally to suppress this message
[Mon Dec 21 19:51:03.941519 2020] [mpm_event:notice] [pid 104:tid 140185354021952] AH00489: Apache/2.4.41 (Ubuntu) mod_fcgid/2.3.9 configured -- resuming normal operations
[Mon Dec 21 19:51:03.941822 2020] [core:notice] [pid 104:tid 140185354021952] AH00094: Command line: '/usr/sbin/apache2 -D FOREGROUND'
AH00558: apache2: Could not reliably determine the server's fully qualified domain name, using 172.18.0.3. Set the 'ServerName' directive globally to suppress this message
[Mon Dec 21 20:04:26.581170 2020] [core:warn] [pid 86:tid 140572091989056] AH00098: pid file /var/run/apache2/apache2.pid overwritten -- Unclean shutdown of previous Apache run?
[Mon Dec 21 20:04:26.581913 2020] [mpm_event:notice] [pid 86:tid 140572091989056] AH00489: Apache/2.4.41 (Ubuntu) mod_fcgid/2.3.9 configured -- resuming normal operations
[Mon Dec 21 20:04:26.582109 2020] [core:notice] [pid 86:tid 140572091989056] AH00094: Command line: '/usr/sbin/apache2 -D FOREGROUND'
AH00558: apache2: Could not reliably determine the server's fully qualified domain name, using 172.18.0.3. Set the 'ServerName' directive globally to suppress this message
[Mon Dec 21 20:58:33.358312 2020] [mpm_event:notice] [pid 104:tid 139877010508864] AH00489: Apache/2.4.41 (Ubuntu) mod_fcgid/2.3.9 configured -- resuming normal operations
[Mon Dec 21 20:58:33.358652 2020] [core:notice] [pid 104:tid 139877010508864] AH00094: Command line: '/usr/sbin/apache2 -D FOREGROUND'
AH00558: apache2: Could not reliably determine the server's fully qualified domain name, using 172.18.0.3. Set the 'ServerName' directive globally to suppress this message
[Tue Dec 22 12:11:00.231821 2020] [mpm_event:notice] [pid 104:tid 140299441830976] AH00489: Apache/2.4.41 (Ubuntu) mod_fcgid/2.3.9 configured -- resuming normal operations
[Tue Dec 22 12:11:00.232178 2020] [core:notice] [pid 104:tid 140299441830976] AH00094: Command line: '/usr/sbin/apache2 -D FOREGROUND'
[Tue Dec 22 13:17:01.761049 2020] [mpm_event:notice] [pid 104:tid 140299441830976] AH00493: SIGUSR1 received.  Doing graceful restart
AH00558: apache2: Could not reliably determine the server's fully qualified domain name, using 172.18.0.3. Set the 'ServerName' directive globally to suppress this message
[Tue Dec 22 13:17:01.824006 2020] [mpm_event:notice] [pid 104:tid 140299441830976] AH00489: Apache/2.4.41 (Ubuntu) mod_fcgid/2.3.9 configured -- resuming normal operations
[Tue Dec 22 13:17:01.824328 2020] [core:notice] [pid 104:tid 140299441830976] AH00094: Command line: '/usr/sbin/apache2 -D FOREGROUND'
AH00558: apache2: Could not reliably determine the server's fully qualified domain name, using 172.18.0.3. Set the 'ServerName' directive globally to suppress this message
[Wed Dec 23 13:25:02.553038 2020] [core:warn] [pid 85:tid 140327916170304] AH00098: pid file /var/run/apache2/apache2.pid overwritten -- Unclean shutdown of previous Apache run?
[Wed Dec 23 13:25:02.554438 2020] [mpm_event:notice] [pid 85:tid 140327916170304] AH00489: Apache/2.4.41 (Ubuntu) mod_fcgid/2.3.9 configured -- resuming normal operations
[Wed Dec 23 13:25:02.554690 2020] [core:notice] [pid 85:tid 140327916170304] AH00094: Command line: '/usr/sbin/apache2 -D FOREGROUND'
AH00558: apache2: Could not reliably determine the server's fully qualified domain name, using 172.18.0.3. Set the 'ServerName' directive globally to suppress this message
[Wed Dec 23 13:30:25.037020 2020] [mpm_event:notice] [pid 103:tid 140032776473664] AH00489: Apache/2.4.41 (Ubuntu) mod_fcgid/2.3.9 configured -- resuming normal operations
[Wed Dec 23 13:30:25.037347 2020] [core:notice] [pid 103:tid 140032776473664] AH00094: Command line: '/usr/sbin/apache2 -D FOREGROUND'
AH00558: apache2: Could not reliably determine the server's fully qualified domain name, using 172.18.0.3. Set the 'ServerName' directive globally to suppress this message
[Thu Dec 24 13:31:47.886360 2020] [mpm_event:notice] [pid 100:tid 140255596112960] AH00489: Apache/2.4.41 (Ubuntu) mod_fcgid/2.3.9 configured -- resuming normal operations
[Thu Dec 24 13:31:47.886698 2020] [core:notice] [pid 100:tid 140255596112960] AH00094: Command line: '/usr/sbin/apache2 -D FOREGROUND'
[Thu Dec 24 13:46:40.672578 2020] [autoindex:error] [pid 103:tid 140255512491776] [client 172.18.0.1:46570] AH01276: Cannot serve directory /var/www/html/: No matching DirectoryIndex (index.html,index.cgi,index.pl,index.php,index.xhtml,index.htm) found, and server-generated directory index forbidden by Options directive
[Thu Dec 24 13:47:14.476124 2020] [autoindex:error] [pid 103:tid 140254950442752] [client 172.18.0.1:46636] AH01276: Cannot serve directory /var/www/html/: No matching DirectoryIndex (index.html,index.cgi,index.pl,index.php,index.xhtml,index.htm) found, and server-generated directory index forbidden by Options directive
AH00558: apache2: Could not reliably determine the server's fully qualified domain name, using 172.18.0.3. Set the 'ServerName' directive globally to suppress this message
[Thu Dec 24 14:36:55.877140 2020] [core:warn] [pid 81:tid 140684782271552] AH00098: pid file /var/run/apache2/apache2.pid overwritten -- Unclean shutdown of previous Apache run?
[Thu Dec 24 14:36:55.878022 2020] [mpm_event:notice] [pid 81:tid 140684782271552] AH00489: Apache/2.4.41 (Ubuntu) mod_fcgid/2.3.9 configured -- resuming normal operations
[Thu Dec 24 14:36:55.878257 2020] [core:notice] [pid 81:tid 140684782271552] AH00094: Command line: '/usr/sbin/apache2 -D FOREGROUND'
[Thu Dec 24 14:39:18.274207 2020] [autoindex:error] [pid 83:tid 140684769937152] [client 172.18.0.1:49742] AH01276: Cannot serve directory /var/www/html/: No matching DirectoryIndex (index.html,index.cgi,index.pl,index.php,index.xhtml,index.htm) found, and server-generated directory index forbidden by Options directive
AH00558: apache2: Could not reliably determine the server's fully qualified domain name, using 172.18.0.3. Set the 'ServerName' directive globally to suppress this message
[Thu Dec 24 15:27:18.011565 2020] [core:warn] [pid 81:tid 140434934484032] AH00098: pid file /var/run/apache2/apache2.pid overwritten -- Unclean shutdown of previous Apache run?
[Thu Dec 24 15:27:18.012365 2020] [mpm_event:notice] [pid 81:tid 140434934484032] AH00489: Apache/2.4.41 (Ubuntu) mod_fcgid/2.3.9 configured -- resuming normal operations
[Thu Dec 24 15:27:18.012629 2020] [core:notice] [pid 81:tid 140434934484032] AH00094: Command line: '/usr/sbin/apache2 -D FOREGROUND'
